<?xml version="1.0" encoding="UTF-8"?>
<!-- Generated by org.testng.reporters.JUnitReportReporter -->
<testsuite skipped="0" hostname="Oguz" name="org.inaracademy.automationexercise.RegistirationTests" tests="2" failures="0" timestamp="2023-01-12T02:08:15 EET" time="17.723" errors="0">
  <testcase name="testCase_5_RegisterUserWithExistingEmail" time="1.325" classname="org.inaracademy.automationexercise.RegistirationTests"/>
  <testcase name="testCase_1_Register_User" time="16.398" classname="org.inaracademy.automationexercise.RegistirationTests"/>
</testsuite> <!-- org.inaracademy.automationexercise.RegistirationTests -->
